<?xml version="1.0" encoding="utf-8"?><testsuites><testsuite errors="0" failures="0" hostname="85d2d96f7e9c" name="pytest" skipped="0" tests="17" time="0.172" timestamp="2022-05-30T06:05:09.614850"><testcase classname="test.rest.api_test.TestApi" name="test_api_add" time="0.004"></testcase><testcase classname="test.rest.api_test.TestApi" name="test_api_add_err" time="0.002"></testcase><testcase classname="test.rest.api_test.TestApi" name="test_api_common_logarithm" time="0.001"></testcase><testcase classname="test.rest.api_test.TestApi" name="test_api_common_logarithm_err" time="0.001"></testcase><testcase classname="test.rest.api_test.TestApi" name="test_api_common_logarithm_err_negative" time="0.002"></testcase><testcase classname="test.rest.api_test.TestApi" name="test_api_divide" time="0.002"></testcase><testcase classname="test.rest.api_test.TestApi" name="test_api_divide_err" time="0.002"></testcase><testcase classname="test.rest.api_test.TestApi" name="test_api_divide_err_zero" time="0.002"></testcase><testcase classname="test.rest.api_test.TestApi" name="test_api_multiply" time="0.002"></testcase><testcase classname="test.rest.api_test.TestApi" name="test_api_multiply_err" time="0.002"></testcase><testcase classname="test.rest.api_test.TestApi" name="test_api_power" time="0.002"></testcase><testcase classname="test.rest.api_test.TestApi" name="test_api_power_err" time="0.002"></testcase><testcase classname="test.rest.api_test.TestApi" name="test_api_square_root" time="0.003"></testcase><testcase classname="test.rest.api_test.TestApi" name="test_api_square_root_err" time="0.005"></testcase><testcase classname="test.rest.api_test.TestApi" name="test_api_square_root_err_negative" time="0.002"></testcase><testcase classname="test.rest.api_test.TestApi" name="test_api_substract" time="0.002"></testcase><testcase classname="test.rest.api_test.TestApi" name="test_api_substract_err" time="0.002"></testcase></testsuite></testsuites>